<?xml version="1.0" encoding="UTF-8"?>
<testsuite name="com.example.demo.DemoApplicationTests" tests="1" skipped="0" failures="0" errors="0" timestamp="2024-01-29T18:07:24" hostname="DESKTOP-6L6L9V6" time="1.746">
  <properties/>
  <testcase name="contextLoads()" classname="com.example.demo.DemoApplicationTests" time="1.746"/>
  <system-out><![CDATA[19:07:19.126 [Test worker] INFO org.springframework.test.context.support.AnnotationConfigContextLoaderUtils -- Could not detect default configuration classes for test class [com.example.demo.DemoApplicationTests]: DemoApplicationTests does not declare any static, non-private, non-final, nested classes annotated with @Configuration.
19:07:19.598 [Test worker] INFO org.springframework.boot.test.context.SpringBootTestContextBootstrapper -- Found @SpringBootConfiguration com.example.demo.DemoApplication for test class com.example.demo.DemoApplicationTests

  .   ____          _            __ _ _
 /\\ / ___'_ __ _ _(_)_ __  __ _ \ \ \ \
( ( )\___ | '_ | '_| | '_ \/ _` | \ \ \ \
 \\/  ___)| |_)| | | | | || (_| |  ) ) ) )
  '  |____| .__|_| |_|_| |_\__, | / / / /
 =========|_|==============|___/=/_/_/_/
 :: Spring Boot ::                (v3.2.0)

2024-01-29T19:07:20.708+01:00  INFO 3972 --- [    Test worker] com.example.demo.DemoApplicationTests    : Starting DemoApplicationTests using Java 17.0.8.1 with PID 3972 (started by Piotr Dryja in C:\Users\drago\Desktop\MprApka\front)
2024-01-29T19:07:20.715+01:00  INFO 3972 --- [    Test worker] com.example.demo.DemoApplicationTests    : No active profile set, falling back to 1 default profile: "default"
2024-01-29T19:07:24.723+01:00  INFO 3972 --- [    Test worker] com.example.demo.DemoApplicationTests    : Started DemoApplicationTests in 4.617 seconds (process running for 8.137)
]]></system-out>
  <system-err><![CDATA[]]></system-err>
</testsuite>
